<?xml version="1.0" encoding="UTF-8"?>
<!-- Generated by org.testng.reporters.JUnitReportReporter -->
<testsuite hostname="DESKTOP-N22QR8J" failures="0" tests="4" name="PragtiSoftwareTesting.NewCalculatorAPI.AdditionTestCases" time="0.054" errors="0" timestamp="2021-05-15T10:54:33 IST" skipped="0">
  <testcase classname="PragtiSoftwareTesting.NewCalculatorAPI.AdditionTestCases" name="TestAdditionWithNegativeNumbers" time="0.023"/>
  <system-out/>
  <testcase classname="PragtiSoftwareTesting.NewCalculatorAPI.AdditionTestCases" name="TestAdditionWithPositiveNumbers" time="0.018"/>
  <system-out/>
  <testcase classname="PragtiSoftwareTesting.NewCalculatorAPI.AdditionTestCases" name="TestAdditionWithPositiveOneNegative" time="0.007"/>
  <system-out/>
  <testcase classname="PragtiSoftwareTesting.NewCalculatorAPI.AdditionTestCases" name="TestAdditionWithZeroNumbers" time="0.006"/>
  <system-out/>
</testsuite> <!-- PragtiSoftwareTesting.NewCalculatorAPI.AdditionTestCases -->
